Arguments: 
  C:\Program Files\nodejs\node.exe C:\Users\HeLL0\Desktop\Netflix-Clone\.yarn\releases\yarn-1.22.19.cjs add express cors mangoose nodemon

PATH: 
  C:\Program Files (x86)\Yarn\bin\;C:\Python311\Scripts\;C:\Python311\;C:\Program Files\Amazon Corretto\jdk11.0.15_9\bin;C:\Program Files\Common Files\Oracle\Java\javapath;C:\Program Files (x86)\Common Files\Oracle\Java\javapath;C:\WINDOWS\system32;C:\WINDOWS;C:\Program Files\Java\jdk-17.0.2\bin;C:\WINDOWS\System32\Wbem;C:\WINDOWS\System32\WindowsPowerShell\v1.0\;C:\WINDOWS\System32\OpenSSH\;C:\Program Files\dotnet\;C:\ProgramData\chocolatey\bin;C:\Program Files\nodejs\;C:\Program Files\Git\cmd;C:\Users\HeLL0\AppData\Local\Microsoft\WindowsApps;;C:\Users\HeLL0\Downloads\IntelliJ IDEA Community Edition 2022.1.3\bin;;C:\Users\HeLL0\AppData\Local\Programs\Microsoft VS Code\bin;C:\Users\HeLL0\.dotnet\tools;C:\Users\HeLL0\AppData\Roaming\npm;C:\Users\HeLL0\AppData\Local\Yarn\bin

Yarn version: 
  1.22.19

Node version: 
  18.16.0

Platform: 
  win32 x64

Trace: 
  Error: https://registry.yarnpkg.com/mangoose: Not found
      at params.callback [as _callback] (C:\Users\HeLL0\Desktop\Netflix-Clone\.yarn\releases\yarn-1.22.19.cjs:77675:18)
      at self.callback (C:\Users\HeLL0\Desktop\Netflix-Clone\.yarn\releases\yarn-1.22.19.cjs:135297:22)
      at Request.emit (node:events:513:28)
      at Request.<anonymous> (C:\Users\HeLL0\Desktop\Netflix-Clone\.yarn\releases\yarn-1.22.19.cjs:136269:10)
      at Request.emit (node:events:513:28)
      at IncomingMessage.<anonymous> (C:\Users\HeLL0\Desktop\Netflix-Clone\.yarn\releases\yarn-1.22.19.cjs:136191:12)
      at Object.onceWrapper (node:events:627:28)
      at IncomingMessage.emit (node:events:525:35)
      at endReadableNT (node:internal/streams/readable:1359:12)
      at process.processTicksAndRejections (node:internal/process/task_queues:82:21)

npm manifest: 
  {
    "name": "netflix-api",
    "version": "1.0.0",
    "description": "",
    "main": "index.js",
    "scripts": {
      "test": "echo \"Error: no test specified\" && exit 1"
    },
    "keywords": [],
    "author": "",
    "license": "ISC"
  }

yarn manifest: 
  No manifest

Lockfile: 
  No lockfile
